<?xml version="1.0" encoding="UTF-8"?>
<testsuite xmlns:xsi="http://www.w3.org/2001/XMLSchema-instance" xsi:noNamespaceSchemaLocation="https://maven.apache.org/surefire/maven-surefire-plugin/xsd/surefire-test-report.xsd" name="com.hxzyyn.TestUserDao" time="5.664" tests="1" errors="0" skipped="0" failures="0">
  <properties>
    <property name="sun.desktop" value="windows"/>
    <property name="awt.toolkit" value="sun.awt.windows.WToolkit"/>
    <property name="file.encoding.pkg" value="sun.io"/>
    <property name="java.specification.version" value="1.8"/>
    <property name="sun.cpu.isalist" value="amd64"/>
    <property name="sun.jnu.encoding" value="GBK"/>
    <property name="java.class.path" value="D:\IDEA\kongjian\tenspringBoot\Book\target\test-classes;D:\IDEA\kongjian\tenspringBoot\Book\target\classes;D:\maven\canku\org\springframework\boot\spring-boot-starter\2.6.1\spring-boot-starter-2.6.1.jar;D:\maven\canku\org\springframework\boot\spring-boot\2.6.1\spring-boot-2.6.1.jar;D:\maven\canku\org\springframework\spring-context\5.3.13\spring-context-5.3.13.jar;D:\maven\canku\org\springframework\boot\spring-boot-autoconfigure\2.6.1\spring-boot-autoconfigure-2.6.1.jar;D:\maven\canku\org\springframework\boot\spring-boot-starter-logging\2.6.1\spring-boot-starter-logging-2.6.1.jar;D:\maven\canku\ch\qos\logback\logback-classic\1.2.7\logback-classic-1.2.7.jar;D:\maven\canku\ch\qos\logback\logback-core\1.2.7\logback-core-1.2.7.jar;D:\maven\canku\org\apache\logging\log4j\log4j-to-slf4j\2.14.1\log4j-to-slf4j-2.14.1.jar;D:\maven\canku\org\apache\logging\log4j\log4j-api\2.14.1\log4j-api-2.14.1.jar;D:\maven\canku\org\slf4j\jul-to-slf4j\1.7.32\jul-to-slf4j-1.7.32.jar;D:\maven\canku\jakarta\annotation\jakarta.annotation-api\1.3.5\jakarta.annotation-api-1.3.5.jar;D:\maven\canku\org\springframework\spring-core\5.3.13\spring-core-5.3.13.jar;D:\maven\canku\org\springframework\spring-jcl\5.3.13\spring-jcl-5.3.13.jar;D:\maven\canku\org\yaml\snakeyaml\1.29\snakeyaml-1.29.jar;D:\maven\canku\org\springframework\boot\spring-boot-starter-test\2.6.1\spring-boot-starter-test-2.6.1.jar;D:\maven\canku\org\springframework\boot\spring-boot-test\2.6.1\spring-boot-test-2.6.1.jar;D:\maven\canku\org\springframework\boot\spring-boot-test-autoconfigure\2.6.1\spring-boot-test-autoconfigure-2.6.1.jar;D:\maven\canku\com\jayway\jsonpath\json-path\2.6.0\json-path-2.6.0.jar;D:\maven\canku\net\minidev\json-smart\2.4.7\json-smart-2.4.7.jar;D:\maven\canku\net\minidev\accessors-smart\2.4.7\accessors-smart-2.4.7.jar;D:\maven\canku\org\ow2\asm\asm\9.1\asm-9.1.jar;D:\maven\canku\org\slf4j\slf4j-api\1.7.32\slf4j-api-1.7.32.jar;D:\maven\canku\jakarta\xml\bind\jakarta.xml.bind-api\2.3.3\jakarta.xml.bind-api-2.3.3.jar;D:\maven\canku\jakarta\activation\jakarta.activation-api\1.2.2\jakarta.activation-api-1.2.2.jar;D:\maven\canku\org\assertj\assertj-core\3.21.0\assertj-core-3.21.0.jar;D:\maven\canku\org\hamcrest\hamcrest\2.2\hamcrest-2.2.jar;D:\maven\canku\org\junit\jupiter\junit-jupiter\5.8.1\junit-jupiter-5.8.1.jar;D:\maven\canku\org\junit\jupiter\junit-jupiter-api\5.8.1\junit-jupiter-api-5.8.1.jar;D:\maven\canku\org\opentest4j\opentest4j\1.2.0\opentest4j-1.2.0.jar;D:\maven\canku\org\junit\platform\junit-platform-commons\1.8.1\junit-platform-commons-1.8.1.jar;D:\maven\canku\org\apiguardian\apiguardian-api\1.1.2\apiguardian-api-1.1.2.jar;D:\maven\canku\org\junit\jupiter\junit-jupiter-params\5.8.1\junit-jupiter-params-5.8.1.jar;D:\maven\canku\org\junit\jupiter\junit-jupiter-engine\5.8.1\junit-jupiter-engine-5.8.1.jar;D:\maven\canku\org\junit\platform\junit-platform-engine\1.8.1\junit-platform-engine-1.8.1.jar;D:\maven\canku\org\mockito\mockito-core\4.0.0\mockito-core-4.0.0.jar;D:\maven\canku\net\bytebuddy\byte-buddy\1.11.22\byte-buddy-1.11.22.jar;D:\maven\canku\net\bytebuddy\byte-buddy-agent\1.11.22\byte-buddy-agent-1.11.22.jar;D:\maven\canku\org\objenesis\objenesis\3.2\objenesis-3.2.jar;D:\maven\canku\org\mockito\mockito-junit-jupiter\4.0.0\mockito-junit-jupiter-4.0.0.jar;D:\maven\canku\org\skyscreamer\jsonassert\1.5.0\jsonassert-1.5.0.jar;D:\maven\canku\com\vaadin\external\google\android-json\0.0.20131108.vaadin1\android-json-0.0.20131108.vaadin1.jar;D:\maven\canku\org\springframework\spring-test\5.3.13\spring-test-5.3.13.jar;D:\maven\canku\org\xmlunit\xmlunit-core\2.8.3\xmlunit-core-2.8.3.jar;D:\maven\canku\org\springframework\boot\spring-boot-starter-thymeleaf\2.6.1\spring-boot-starter-thymeleaf-2.6.1.jar;D:\maven\canku\org\thymeleaf\thymeleaf-spring5\3.0.12.RELEASE\thymeleaf-spring5-3.0.12.RELEASE.jar;D:\maven\canku\org\thymeleaf\thymeleaf\3.0.12.RELEASE\thymeleaf-3.0.12.RELEASE.jar;D:\maven\canku\org\attoparser\attoparser\2.0.5.RELEASE\attoparser-2.0.5.RELEASE.jar;D:\maven\canku\org\unbescape\unbescape\1.1.6.RELEASE\unbescape-1.1.6.RELEASE.jar;D:\maven\canku\org\thymeleaf\extras\thymeleaf-extras-java8time\3.0.4.RELEASE\thymeleaf-extras-java8time-3.0.4.RELEASE.jar;D:\maven\canku\org\springframework\boot\spring-boot-starter-web\2.6.1\spring-boot-starter-web-2.6.1.jar;D:\maven\canku\org\springframework\boot\spring-boot-starter-json\2.6.1\spring-boot-starter-json-2.6.1.jar;D:\maven\canku\com\fasterxml\jackson\core\jackson-databind\2.13.0\jackson-databind-2.13.0.jar;D:\maven\canku\com\fasterxml\jackson\core\jackson-annotations\2.13.0\jackson-annotations-2.13.0.jar;D:\maven\canku\com\fasterxml\jackson\core\jackson-core\2.13.0\jackson-core-2.13.0.jar;D:\maven\canku\com\fasterxml\jackson\datatype\jackson-datatype-jdk8\2.13.0\jackson-datatype-jdk8-2.13.0.jar;D:\maven\canku\com\fasterxml\jackson\datatype\jackson-datatype-jsr310\2.13.0\jackson-datatype-jsr310-2.13.0.jar;D:\maven\canku\com\fasterxml\jackson\module\jackson-module-parameter-names\2.13.0\jackson-module-parameter-names-2.13.0.jar;D:\maven\canku\org\springframework\boot\spring-boot-starter-tomcat\2.6.1\spring-boot-starter-tomcat-2.6.1.jar;D:\maven\canku\org\apache\tomcat\embed\tomcat-embed-core\9.0.55\tomcat-embed-core-9.0.55.jar;D:\maven\canku\org\apache\tomcat\embed\tomcat-embed-el\9.0.55\tomcat-embed-el-9.0.55.jar;D:\maven\canku\org\apache\tomcat\embed\tomcat-embed-websocket\9.0.55\tomcat-embed-websocket-9.0.55.jar;D:\maven\canku\org\springframework\spring-web\5.3.13\spring-web-5.3.13.jar;D:\maven\canku\org\springframework\spring-beans\5.3.13\spring-beans-5.3.13.jar;D:\maven\canku\org\springframework\spring-webmvc\5.3.13\spring-webmvc-5.3.13.jar;D:\maven\canku\org\springframework\spring-aop\5.3.13\spring-aop-5.3.13.jar;D:\maven\canku\org\springframework\spring-expression\5.3.13\spring-expression-5.3.13.jar;D:\maven\canku\org\projectlombok\lombok\1.18.22\lombok-1.18.22.jar;D:\maven\canku\com\baomidou\mybatis-plus-boot-starter\3.2.0\mybatis-plus-boot-starter-3.2.0.jar;D:\maven\canku\com\baomidou\mybatis-plus\3.2.0\mybatis-plus-3.2.0.jar;D:\maven\canku\com\baomidou\mybatis-plus-extension\3.2.0\mybatis-plus-extension-3.2.0.jar;D:\maven\canku\com\baomidou\mybatis-plus-core\3.2.0\mybatis-plus-core-3.2.0.jar;D:\maven\canku\com\baomidou\mybatis-plus-annotation\3.2.0\mybatis-plus-annotation-3.2.0.jar;D:\maven\canku\com\github\jsqlparser\jsqlparser\2.1\jsqlparser-2.1.jar;D:\maven\canku\org\mybatis\mybatis\3.5.2\mybatis-3.5.2.jar;D:\maven\canku\org\mybatis\mybatis-spring\2.0.2\mybatis-spring-2.0.2.jar;D:\maven\canku\org\springframework\boot\spring-boot-starter-jdbc\2.6.1\spring-boot-starter-jdbc-2.6.1.jar;D:\maven\canku\com\zaxxer\HikariCP\4.0.3\HikariCP-4.0.3.jar;D:\maven\canku\org\springframework\spring-jdbc\5.3.13\spring-jdbc-5.3.13.jar;D:\maven\canku\org\springframework\spring-tx\5.3.13\spring-tx-5.3.13.jar;D:\maven\canku\mysql\mysql-connector-java\8.0.21\mysql-connector-java-8.0.21.jar;D:\maven\canku\com\alibaba\druid\1.2.4\druid-1.2.4.jar;D:\maven\canku\com\alibaba\fastjson\1.2.75\fastjson-1.2.75.jar;"/>
    <property name="java.vm.vendor" value="Amazon.com Inc."/>
    <property name="sun.arch.data.model" value="64"/>
    <property name="user.variant" value=""/>
    <property name="java.vendor.url" value="https://aws.amazon.com/corretto/"/>
    <property name="user.timezone" value="Asia/Shanghai"/>
    <property name="java.vm.specification.version" value="1.8"/>
    <property name="os.name" value="Windows 10"/>
    <property name="user.country" value="CN"/>
    <property name="sun.java.launcher" value="SUN_STANDARD"/>
    <property name="sun.boot.library.path" value="D:\jdk_idea\1.8\jre\bin"/>
    <property name="sun.java.command" value="C:\Users\123\AppData\Local\Temp\surefire9170018258584301283\surefirebooter5516409770042324613.jar C:\Users\123\AppData\Local\Temp\surefire9170018258584301283 2021-12-23T17-16-43_779-jvmRun1 surefire3716506461561266190tmp surefire_04105886465970414778tmp"/>
    <property name="surefire.test.class.path" value="D:\IDEA\kongjian\tenspringBoot\Book\target\test-classes;D:\IDEA\kongjian\tenspringBoot\Book\target\classes;D:\maven\canku\org\springframework\boot\spring-boot-starter\2.6.1\spring-boot-starter-2.6.1.jar;D:\maven\canku\org\springframework\boot\spring-boot\2.6.1\spring-boot-2.6.1.jar;D:\maven\canku\org\springframework\spring-context\5.3.13\spring-context-5.3.13.jar;D:\maven\canku\org\springframework\boot\spring-boot-autoconfigure\2.6.1\spring-boot-autoconfigure-2.6.1.jar;D:\maven\canku\org\springframework\boot\spring-boot-starter-logging\2.6.1\spring-boot-starter-logging-2.6.1.jar;D:\maven\canku\ch\qos\logback\logback-classic\1.2.7\logback-classic-1.2.7.jar;D:\maven\canku\ch\qos\logback\logback-core\1.2.7\logback-core-1.2.7.jar;D:\maven\canku\org\apache\logging\log4j\log4j-to-slf4j\2.14.1\log4j-to-slf4j-2.14.1.jar;D:\maven\canku\org\apache\logging\log4j\log4j-api\2.14.1\log4j-api-2.14.1.jar;D:\maven\canku\org\slf4j\jul-to-slf4j\1.7.32\jul-to-slf4j-1.7.32.jar;D:\maven\canku\jakarta\annotation\jakarta.annotation-api\1.3.5\jakarta.annotation-api-1.3.5.jar;D:\maven\canku\org\springframework\spring-core\5.3.13\spring-core-5.3.13.jar;D:\maven\canku\org\springframework\spring-jcl\5.3.13\spring-jcl-5.3.13.jar;D:\maven\canku\org\yaml\snakeyaml\1.29\snakeyaml-1.29.jar;D:\maven\canku\org\springframework\boot\spring-boot-starter-test\2.6.1\spring-boot-starter-test-2.6.1.jar;D:\maven\canku\org\springframework\boot\spring-boot-test\2.6.1\spring-boot-test-2.6.1.jar;D:\maven\canku\org\springframework\boot\spring-boot-test-autoconfigure\2.6.1\spring-boot-test-autoconfigure-2.6.1.jar;D:\maven\canku\com\jayway\jsonpath\json-path\2.6.0\json-path-2.6.0.jar;D:\maven\canku\net\minidev\json-smart\2.4.7\json-smart-2.4.7.jar;D:\maven\canku\net\minidev\accessors-smart\2.4.7\accessors-smart-2.4.7.jar;D:\maven\canku\org\ow2\asm\asm\9.1\asm-9.1.jar;D:\maven\canku\org\slf4j\slf4j-api\1.7.32\slf4j-api-1.7.32.jar;D:\maven\canku\jakarta\xml\bind\jakarta.xml.bind-api\2.3.3\jakarta.xml.bind-api-2.3.3.jar;D:\maven\canku\jakarta\activation\jakarta.activation-api\1.2.2\jakarta.activation-api-1.2.2.jar;D:\maven\canku\org\assertj\assertj-core\3.21.0\assertj-core-3.21.0.jar;D:\maven\canku\org\hamcrest\hamcrest\2.2\hamcrest-2.2.jar;D:\maven\canku\org\junit\jupiter\junit-jupiter\5.8.1\junit-jupiter-5.8.1.jar;D:\maven\canku\org\junit\jupiter\junit-jupiter-api\5.8.1\junit-jupiter-api-5.8.1.jar;D:\maven\canku\org\opentest4j\opentest4j\1.2.0\opentest4j-1.2.0.jar;D:\maven\canku\org\junit\platform\junit-platform-commons\1.8.1\junit-platform-commons-1.8.1.jar;D:\maven\canku\org\apiguardian\apiguardian-api\1.1.2\apiguardian-api-1.1.2.jar;D:\maven\canku\org\junit\jupiter\junit-jupiter-params\5.8.1\junit-jupiter-params-5.8.1.jar;D:\maven\canku\org\junit\jupiter\junit-jupiter-engine\5.8.1\junit-jupiter-engine-5.8.1.jar;D:\maven\canku\org\junit\platform\junit-platform-engine\1.8.1\junit-platform-engine-1.8.1.jar;D:\maven\canku\org\mockito\mockito-core\4.0.0\mockito-core-4.0.0.jar;D:\maven\canku\net\bytebuddy\byte-buddy\1.11.22\byte-buddy-1.11.22.jar;D:\maven\canku\net\bytebuddy\byte-buddy-agent\1.11.22\byte-buddy-agent-1.11.22.jar;D:\maven\canku\org\objenesis\objenesis\3.2\objenesis-3.2.jar;D:\maven\canku\org\mockito\mockito-junit-jupiter\4.0.0\mockito-junit-jupiter-4.0.0.jar;D:\maven\canku\org\skyscreamer\jsonassert\1.5.0\jsonassert-1.5.0.jar;D:\maven\canku\com\vaadin\external\google\android-json\0.0.20131108.vaadin1\android-json-0.0.20131108.vaadin1.jar;D:\maven\canku\org\springframework\spring-test\5.3.13\spring-test-5.3.13.jar;D:\maven\canku\org\xmlunit\xmlunit-core\2.8.3\xmlunit-core-2.8.3.jar;D:\maven\canku\org\springframework\boot\spring-boot-starter-thymeleaf\2.6.1\spring-boot-starter-thymeleaf-2.6.1.jar;D:\maven\canku\org\thymeleaf\thymeleaf-spring5\3.0.12.RELEASE\thymeleaf-spring5-3.0.12.RELEASE.jar;D:\maven\canku\org\thymeleaf\thymeleaf\3.0.12.RELEASE\thymeleaf-3.0.12.RELEASE.jar;D:\maven\canku\org\attoparser\attoparser\2.0.5.RELEASE\attoparser-2.0.5.RELEASE.jar;D:\maven\canku\org\unbescape\unbescape\1.1.6.RELEASE\unbescape-1.1.6.RELEASE.jar;D:\maven\canku\org\thymeleaf\extras\thymeleaf-extras-java8time\3.0.4.RELEASE\thymeleaf-extras-java8time-3.0.4.RELEASE.jar;D:\maven\canku\org\springframework\boot\spring-boot-starter-web\2.6.1\spring-boot-starter-web-2.6.1.jar;D:\maven\canku\org\springframework\boot\spring-boot-starter-json\2.6.1\spring-boot-starter-json-2.6.1.jar;D:\maven\canku\com\fasterxml\jackson\core\jackson-databind\2.13.0\jackson-databind-2.13.0.jar;D:\maven\canku\com\fasterxml\jackson\core\jackson-annotations\2.13.0\jackson-annotations-2.13.0.jar;D:\maven\canku\com\fasterxml\jackson\core\jackson-core\2.13.0\jackson-core-2.13.0.jar;D:\maven\canku\com\fasterxml\jackson\datatype\jackson-datatype-jdk8\2.13.0\jackson-datatype-jdk8-2.13.0.jar;D:\maven\canku\com\fasterxml\jackson\datatype\jackson-datatype-jsr310\2.13.0\jackson-datatype-jsr310-2.13.0.jar;D:\maven\canku\com\fasterxml\jackson\module\jackson-module-parameter-names\2.13.0\jackson-module-parameter-names-2.13.0.jar;D:\maven\canku\org\springframework\boot\spring-boot-starter-tomcat\2.6.1\spring-boot-starter-tomcat-2.6.1.jar;D:\maven\canku\org\apache\tomcat\embed\tomcat-embed-core\9.0.55\tomcat-embed-core-9.0.55.jar;D:\maven\canku\org\apache\tomcat\embed\tomcat-embed-el\9.0.55\tomcat-embed-el-9.0.55.jar;D:\maven\canku\org\apache\tomcat\embed\tomcat-embed-websocket\9.0.55\tomcat-embed-websocket-9.0.55.jar;D:\maven\canku\org\springframework\spring-web\5.3.13\spring-web-5.3.13.jar;D:\maven\canku\org\springframework\spring-beans\5.3.13\spring-beans-5.3.13.jar;D:\maven\canku\org\springframework\spring-webmvc\5.3.13\spring-webmvc-5.3.13.jar;D:\maven\canku\org\springframework\spring-aop\5.3.13\spring-aop-5.3.13.jar;D:\maven\canku\org\springframework\spring-expression\5.3.13\spring-expression-5.3.13.jar;D:\maven\canku\org\projectlombok\lombok\1.18.22\lombok-1.18.22.jar;D:\maven\canku\com\baomidou\mybatis-plus-boot-starter\3.2.0\mybatis-plus-boot-starter-3.2.0.jar;D:\maven\canku\com\baomidou\mybatis-plus\3.2.0\mybatis-plus-3.2.0.jar;D:\maven\canku\com\baomidou\mybatis-plus-extension\3.2.0\mybatis-plus-extension-3.2.0.jar;D:\maven\canku\com\baomidou\mybatis-plus-core\3.2.0\mybatis-plus-core-3.2.0.jar;D:\maven\canku\com\baomidou\mybatis-plus-annotation\3.2.0\mybatis-plus-annotation-3.2.0.jar;D:\maven\canku\com\github\jsqlparser\jsqlparser\2.1\jsqlparser-2.1.jar;D:\maven\canku\org\mybatis\mybatis\3.5.2\mybatis-3.5.2.jar;D:\maven\canku\org\mybatis\mybatis-spring\2.0.2\mybatis-spring-2.0.2.jar;D:\maven\canku\org\springframework\boot\spring-boot-starter-jdbc\2.6.1\spring-boot-starter-jdbc-2.6.1.jar;D:\maven\canku\com\zaxxer\HikariCP\4.0.3\HikariCP-4.0.3.jar;D:\maven\canku\org\springframework\spring-jdbc\5.3.13\spring-jdbc-5.3.13.jar;D:\maven\canku\org\springframework\spring-tx\5.3.13\spring-tx-5.3.13.jar;D:\maven\canku\mysql\mysql-connector-java\8.0.21\mysql-connector-java-8.0.21.jar;D:\maven\canku\com\alibaba\druid\1.2.4\druid-1.2.4.jar;D:\maven\canku\com\alibaba\fastjson\1.2.75\fastjson-1.2.75.jar;"/>
    <property name="sun.cpu.endian" value="little"/>
    <property name="user.home" value="C:\Users\123"/>
    <property name="user.language" value="zh"/>
    <property name="java.specification.vendor" value="Oracle Corporation"/>
    <property name="java.home" value="D:\jdk_idea\1.8\jre"/>
    <property name="basedir" value="D:\IDEA\kongjian\tenspringBoot\Book"/>
    <property name="file.separator" value="\"/>
    <property name="line.separator" value="&#10;"/>
    <property name="java.vm.specification.vendor" value="Oracle Corporation"/>
    <property name="java.specification.name" value="Java Platform API Specification"/>
    <property name="java.awt.graphicsenv" value="sun.awt.Win32GraphicsEnvironment"/>
    <property name="surefire.real.class.path" value="C:\Users\123\AppData\Local\Temp\surefire9170018258584301283\surefirebooter5516409770042324613.jar"/>
    <property name="sun.boot.class.path" value="D:\jdk_idea\1.8\jre\lib\resources.jar;D:\jdk_idea\1.8\jre\lib\rt.jar;D:\jdk_idea\1.8\jre\lib\sunrsasign.jar;D:\jdk_idea\1.8\jre\lib\jsse.jar;D:\jdk_idea\1.8\jre\lib\jce.jar;D:\jdk_idea\1.8\jre\lib\charsets.jar;D:\jdk_idea\1.8\jre\lib\jfr.jar;D:\jdk_idea\1.8\jre\classes"/>
    <property name="user.script" value=""/>
    <property name="sun.management.compiler" value="HotSpot 64-Bit Tiered Compilers"/>
    <property name="java.runtime.version" value="1.8.0_312-b07"/>
    <property name="user.name" value="123"/>
    <property name="path.separator" value=";"/>
    <property name="os.version" value="10.0"/>
    <property name="java.endorsed.dirs" value="D:\jdk_idea\1.8\jre\lib\endorsed"/>
    <property name="java.runtime.name" value="OpenJDK Runtime Environment"/>
    <property name="file.encoding" value="GBK"/>
    <property name="java.vm.name" value="OpenJDK 64-Bit Server VM"/>
    <property name="localRepository" value="D:\maven\canku"/>
    <property name="java.vendor.url.bug" value="https://github.com/corretto/corretto-8/issues/"/>
    <property name="java.io.tmpdir" value="C:\Users\123\AppData\Local\Temp\"/>
    <property name="idea.version" value="2021.2"/>
    <property name="java.version" value="1.8.0_312"/>
    <property name="user.dir" value="D:\IDEA\kongjian\tenspringBoot\Book"/>
    <property name="os.arch" value="amd64"/>
    <property name="java.vm.specification.name" value="Java Virtual Machine Specification"/>
    <property name="java.awt.printerjob" value="sun.awt.windows.WPrinterJob"/>
    <property name="sun.os.patch.level" value=""/>
    <property name="java.library.path" value="D:\jdk_idea\1.8\jre\bin;C:\WINDOWS\Sun\Java\bin;C:\WINDOWS\system32;C:\WINDOWS;D:\VM\bao\bin\;C:\Windows\system32;C:\Windows;C:\Windows\System32\Wbem;C:\Windows\System32\WindowsPowerShell\v1.0\;C:\Windows\System32\OpenSSH\;C:\Program Files (x86)\NVIDIA Corporation\PhysX\Common;C:\Program Files\NVIDIA Corporation\NVIDIA NvDLISR;C:\WINDOWS\system32;C:\WINDOWS;C:\WINDOWS\System32\Wbem;C:\WINDOWS\System32\WindowsPowerShell\v1.0\;C:\WINDOWS\System32\OpenSSH\;D:\jdk\bin;C:\Program Files\MySQL\MySQL Server 8.0\bin;C:\Program Files\dotnet\;D:\安装文件夹\傲梅轻松备份\傲梅轻松备份增强版（电脑软件）\AOME\AOMEI\AOMEI Backupper\6.6.0;D:\安装文件夹\傲梅轻松备份\ABT\AOME;AOMEI Backupper\6.7.0;D:\安装文件夹\傲梅轻松备份\ABT\AOMEI\AOMEI Backupper\6.7.0;D:\安装文件夹\傲;轻松备份\EasyBackup\EXE\AOMEI\AOMEI Backupper\6.5.0;D:\;M\XSHELL\;D:\maven\bao\apache-maven-3.8.4\bin;D:\note\exe\;D:\note\exe;D:\IDEA\Git\cmd;D:\jdk\bin;C:\Users\123\AppData\Local\Microsoft\WindowsApps;;D:\安装文件夹\VSC\Microsoft VS Code\bin;C:\Users\123\AppData\Roaming\npm;D:\IDEA\bao\IntelliJ IDEA 2021.2\bin;;."/>
    <property name="java.vm.info" value="mixed mode"/>
    <property name="java.vendor" value="Amazon.com Inc."/>
    <property name="java.vm.version" value="25.312-b07"/>
    <property name="java.ext.dirs" value="D:\jdk_idea\1.8\jre\lib\ext;C:\WINDOWS\Sun\Java\lib\ext"/>
    <property name="sun.io.unicode.encoding" value="UnicodeLittle"/>
    <property name="maven.repo.local" value="D:\maven\canku"/>
    <property name="java.class.version" value="52.0"/>
  </properties>
  <testcase name="testFindAll" classname="com.hxzyyn.TestUserDao" time="1.003"/>
</testsuite>